<?xml version="1.0" encoding="UTF-8"?>
<!-- Generated by org.testng.reporters.JUnitReportReporter -->
<testsuite hostname="LAPTOP-SAU4SO6D" failures="0" tests="1" name="MyClassTest" time="3.958" errors="0" timestamp="2024-06-26T20:11:19 PDT" skipped="0">
  <testcase classname="MyClassTest" name="myMethod" time="3.958"/>
</testsuite> <!-- MyClassTest -->
