<?xml version="1.0" encoding="UTF-8"?>
<!-- Generated by org.testng.reporters.JUnitReportReporter -->
<testsuite hostname="LAPTOP-SAU4SO6D" failures="0" tests="1" name="MyClassTest" time="4.111" errors="0" timestamp="2024-06-26T20:03:37 PDT" skipped="0">
  <testcase classname="MyClassTest" name="myMethod" time="4.111"/>
</testsuite> <!-- MyClassTest -->
